<?xml version="1.0" encoding="UTF-8"?>
<testsuites name="Mocha Tests" time="0.0390" tests="19" failures="0">
  <testsuite name="Root Suite" timestamp="2021-04-26T09:03:38" tests="0" time="0.0000" failures="0">
  </testsuite>
  <testsuite name="findGatewayToken" timestamp="2021-04-26T09:03:38" tests="0" file="/home/kevin/code/ociv-gatekeeper-client/test/unit/findGatewayToken.test.ts" time="0.0000" failures="0">
  </testsuite>
  <testsuite name="with no token accounts found" timestamp="2021-04-26T09:03:38" tests="2" file="/home/kevin/code/ociv-gatekeeper-client/test/unit/findGatewayToken.test.ts" time="0.0030" failures="0">
    <testcase name="findGatewayToken with no token accounts found should return null with no value" time="0.0030" classname="should return null with no value">
    </testcase>
    <testcase name="findGatewayToken with no token accounts found should return null with an empty array" time="0.0000" classname="should return null with an empty array">
    </testcase>
  </testsuite>
  <testsuite name="with token accounts found" timestamp="2021-04-26T09:03:38" tests="0" file="/home/kevin/code/ociv-gatekeeper-client/test/unit/findGatewayToken.test.ts" time="0.0000" failures="0">
  </testsuite>
  <testsuite name="with a frozen account" timestamp="2021-04-26T09:03:38" tests="1" file="/home/kevin/code/ociv-gatekeeper-client/test/unit/findGatewayToken.test.ts" time="0.0000" failures="0">
    <testcase name="findGatewayToken with token accounts found with a frozen account should return null" time="0.0000" classname="should return null">
    </testcase>
  </testsuite>
  <testsuite name="with a valid account" timestamp="2021-04-26T09:03:38" tests="1" file="/home/kevin/code/ociv-gatekeeper-client/test/unit/findGatewayToken.test.ts" time="0.0060" failures="0">
    <testcase name="findGatewayToken with token accounts found with a valid account should return the public key" time="0.0060" classname="should return the public key">
    </testcase>
  </testsuite>
  <testsuite name="GatekeeperClient" timestamp="2021-04-26T09:03:39" tests="0" file="/home/kevin/code/ociv-gatekeeper-client/test/unit/GatekeeperClient.test.ts" time="0.0000" failures="0">
  </testsuite>
  <testsuite name="constructor" timestamp="2021-04-26T09:03:39" tests="2" file="/home/kevin/code/ociv-gatekeeper-client/test/unit/GatekeeperClient.test.ts" time="0.0020" failures="0">
    <testcase name="GatekeeperClient constructor should throw an error if no config is provided" time="0.0010" classname="should throw an error if no config is provided">
    </testcase>
    <testcase name="GatekeeperClient constructor should add config as an instance variable" time="0.0010" classname="should add config as an instance variable">
    </testcase>
  </testsuite>
  <testsuite name="baseUrl" timestamp="2021-04-26T09:03:39" tests="1" file="/home/kevin/code/ociv-gatekeeper-client/test/unit/GatekeeperClient.test.ts" time="0.0000" failures="0">
    <testcase name="GatekeeperClient baseUrl should return the config baseUrl" time="0.0000" classname="should return the config baseUrl">
    </testcase>
  </testsuite>
  <testsuite name="createGatewayToken" timestamp="2021-04-26T09:03:39" tests="0" file="/home/kevin/code/ociv-gatekeeper-client/test/unit/GatekeeperClient.test.ts" time="0.0000" failures="0">
  </testsuite>
  <testsuite name="with only the walletPublicKey passed" timestamp="2021-04-26T09:03:39" tests="2" file="/home/kevin/code/ociv-gatekeeper-client/test/unit/GatekeeperClient.test.ts" time="0.0050" failures="0">
    <testcase name="GatekeeperClient createGatewayToken with only the walletPublicKey passed should call post with an address param" time="0.0040" classname="should call post with an address param">
    </testcase>
    <testcase name="GatekeeperClient createGatewayToken with only the walletPublicKey passed should return response from server" time="0.0010" classname="should return response from server">
    </testcase>
  </testsuite>
  <testsuite name="with a presentationRequestId passed" timestamp="2021-04-26T09:03:39" tests="2" file="/home/kevin/code/ociv-gatekeeper-client/test/unit/GatekeeperClient.test.ts" time="0.0020" failures="0">
    <testcase name="GatekeeperClient createGatewayToken with a presentationRequestId passed should call post with a scopeRequest param" time="0.0010" classname="should call post with a scopeRequest param">
    </testcase>
    <testcase name="GatekeeperClient createGatewayToken with a presentationRequestId passed should return response from server" time="0.0010" classname="should return response from server">
    </testcase>
  </testsuite>
  <testsuite name="with an error" timestamp="2021-04-26T09:03:39" tests="0" file="/home/kevin/code/ociv-gatekeeper-client/test/unit/GatekeeperClient.test.ts" time="0.0000" failures="0">
  </testsuite>
  <testsuite name="with a server response not 2xx" timestamp="2021-04-26T09:03:39" tests="2" file="/home/kevin/code/ociv-gatekeeper-client/test/unit/GatekeeperClient.test.ts" time="0.0090" failures="0">
    <testcase name="GatekeeperClient createGatewayToken with an error with a server response not 2xx should throw an error with statusText if present" time="0.0060" classname="should throw an error with statusText if present">
    </testcase>
    <testcase name="GatekeeperClient createGatewayToken with an error with a server response not 2xx data error message should take precedence over statusText if both are present" time="0.0030" classname="data error message should take precedence over statusText if both are present">
    </testcase>
  </testsuite>
  <testsuite name="auditGatewayToken" timestamp="2021-04-26T09:03:39" tests="2" file="/home/kevin/code/ociv-gatekeeper-client/test/unit/GatekeeperClient.test.ts" time="0.0020" failures="0">
    <testcase name="GatekeeperClient auditGatewayToken should do a server lookup using the token in the path" time="0.0010" classname="should do a server lookup using the token in the path">
    </testcase>
    <testcase name="GatekeeperClient auditGatewayToken should return the returned gatekeeper record" time="0.0010" classname="should return the returned gatekeeper record">
    </testcase>
  </testsuite>
  <testsuite name="with an error" timestamp="2021-04-26T09:03:39" tests="0" file="/home/kevin/code/ociv-gatekeeper-client/test/unit/GatekeeperClient.test.ts" time="0.0000" failures="0">
  </testsuite>
  <testsuite name="with a server response not 2xx" timestamp="2021-04-26T09:03:39" tests="2" file="/home/kevin/code/ociv-gatekeeper-client/test/unit/GatekeeperClient.test.ts" time="0.0030" failures="0">
    <testcase name="GatekeeperClient auditGatewayToken with an error with a server response not 2xx should throw an error with statusText if present" time="0.0010" classname="should throw an error with statusText if present">
    </testcase>
    <testcase name="GatekeeperClient auditGatewayToken with an error with a server response not 2xx data error message should take precedence over statusText if both are present" time="0.0020" classname="data error message should take precedence over statusText if both are present">
    </testcase>
  </testsuite>
  <testsuite name="requestAirdrop" timestamp="2021-04-26T09:03:39" tests="2" file="/home/kevin/code/ociv-gatekeeper-client/test/unit/GatekeeperClient.test.ts" time="0.0070" failures="0">
    <testcase name="GatekeeperClient requestAirdrop should make a server POST request using the wallet public key" time="0.0020" classname="should make a server POST request using the wallet public key">
    </testcase>
    <testcase name="GatekeeperClient requestAirdrop should return undefined" time="0.0050" classname="should return undefined">
    </testcase>
  </testsuite>
</testsuites>